<?xml version="1.0" encoding="UTF-8"?>
<!-- Generated by org.testng.reporters.JUnitReportReporter -->
<testsuite hostname="LAPTOP-EHCJIHPH" failures="0" tests="2" name="testng_Practice.Test_new" time="0.011" errors="0" timestamp="2023-06-07T13:34:48 IST" skipped="0">
  <testcase classname="testng_Practice.Test_new" name="logout" time="0.009"/>
  <system-out/>
  <testcase classname="testng_Practice.Test_new" name="logintest" time="0.002"/>
  <system-out/>
</testsuite> <!-- testng_Practice.Test_new -->
