<?xml version="1.0" encoding="UTF-8"?>
<!-- Generated by org.testng.reporters.JUnitReportReporter -->
<testsuite hostname="LAPTOP-EHCJIHPH" failures="0" tests="3" name="practice_Testng.Annotations" time="0.014" errors="0" timestamp="2023-07-01T10:39:57 IST" skipped="0">
  <testcase classname="practice_Testng.Annotations" name="test2" time="0.010"/>
  <system-out>
    <![CDATA[method test2 before test is running]]>
  </system-out>
  <testcase classname="practice_Testng.Annotations" name="test3" time="0.003"/>
  <system-out>
    <![CDATA[method test3 is running]]>
  </system-out>
  <testcase classname="practice_Testng.Annotations" name="test4" time="0.001"/>
  <system-out>
    <![CDATA[method  test 4  before method is running]]>
  </system-out>
</testsuite> <!-- practice_Testng.Annotations -->
