<?xml version="1.0" encoding="UTF-8"?>
<!-- Generated by org.testng.reporters.JUnitReportReporter -->
<testsuite hostname="LAPTOP-EHCJIHPH" failures="0" tests="2" name="testng_Practice.DataProvider_Practice" time="0.009" errors="0" timestamp="2023-06-08T11:41:05 IST" skipped="0">
  <testcase classname="testng_Practice.DataProvider_Practice" name="loginTest" time="0.002"/>
  <system-out/>
  <testcase classname="testng_Practice.DataProvider_Practice" name="loginTest" time="0.007"/>
  <system-out/>
</testsuite> <!-- testng_Practice.DataProvider_Practice -->
