<?xml version="1.0" encoding="UTF-8"?>
<!-- Generated by org.testng.reporters.JUnitReportReporter -->
<testsuite hostname="LAPTOP-EHCJIHPH" failures="0" tests="3" name="practice_Testng.Priority" time="0.014" errors="0" timestamp="2023-07-01T16:23:54 IST" skipped="1">
  <testcase classname="practice_Testng.Priority" name="priorityTest" time="0.012"/>
  <system-out>
    <![CDATA[Priority 1 is running]]>
  </system-out>
  <testcase classname="practice_Testng.Priority" name="prioriyTest2" time="0.002"/>
  <system-out>
    <![CDATA[priority 2 is running]]>
  </system-out>
  <testcase classname="practice_Testng.Priority" name="priorityTest3">
    <skipped/>
  </testcase> <!-- priorityTest3 -->
  <system-out/>
</testsuite> <!-- practice_Testng.Priority -->
