<?xml version="1.0" encoding="UTF-8"?>
<!-- Generated by org.testng.reporters.JUnitReportReporter -->
<testsuite hostname="LAPTOP-EHCJIHPH" failures="0" tests="2" name="testng_Practice.Group_Demo_Test" time="0.007" errors="0" timestamp="2023-06-07T21:01:56 IST" skipped="0">
  <testcase classname="testng_Practice.Group_Demo_Test" name="test3" time="0.006"/>
  <system-out/>
  <testcase classname="testng_Practice.Group_Demo_Test" name="test4" time="0.001"/>
  <system-out/>
</testsuite> <!-- testng_Practice.Group_Demo_Test -->
