<?xml version="1.0" encoding="UTF-8"?>
<!-- Generated by org.testng.reporters.JUnitReportReporter -->
<testsuite hostname="LAPTOP-EHCJIHPH" failures="0" tests="5" name="practice_Testng.InvocationCount" time="0.015" errors="0" timestamp="2023-07-01T16:09:29 IST" skipped="0">
  <testcase classname="practice_Testng.InvocationCount" name="test_invocation_count" time="0.002"/>
  <system-out>
    <![CDATA[invocation count running]]>
  </system-out>
  <testcase classname="practice_Testng.InvocationCount" name="test_invocation_count" time="0.010"/>
  <system-out>
    <![CDATA[invocation count running]]>
  </system-out>
  <testcase classname="practice_Testng.InvocationCount" name="test_invocation_count" time="0.001"/>
  <system-out>
    <![CDATA[invocation count running]]>
  </system-out>
  <testcase classname="practice_Testng.InvocationCount" name="test_invocation_count" time="0.001"/>
  <system-out>
    <![CDATA[invocation count running]]>
  </system-out>
  <testcase classname="practice_Testng.InvocationCount" name="test_invocation_count" time="0.001"/>
  <system-out>
    <![CDATA[invocation count running]]>
  </system-out>
</testsuite> <!-- practice_Testng.InvocationCount -->
